ARM GAS  /tmp/ccNZJq5X.s 			page 1


   1              		.cpu arm7tdmi
   2              		.fpu softvfp
   3              		.eabi_attribute 20, 1
   4              		.eabi_attribute 21, 1
   5              		.eabi_attribute 23, 3
   6              		.eabi_attribute 24, 1
   7              		.eabi_attribute 25, 1
   8              		.eabi_attribute 26, 1
   9              		.eabi_attribute 30, 2
  10              		.eabi_attribute 18, 4
  11              		.file	"CRunTime.c"
  12              	@ GNU C (Sourcery G++ Lite 2011.03-42) version 4.5.2 (arm-none-eabi)
  13              	@	compiled by GNU C version 4.3.2, GMP version 4.3.2, MPFR version 2.4.2, MPC version 0.8.1
  14              	@ GGC heuristics: --param ggc-min-expand=100 --param ggc-min-heapsize=131072
  15              	@ options passed:  -I . -I../arm/arm7lib -iprefix
  16              	@ /home/elijah/CodeSourcery/Sourcery_G++_Lite/bin/../lib/gcc/arm-none-eabi/4.5.2/
  17              	@ -isysroot
  18              	@ /home/elijah/CodeSourcery/Sourcery_G++_Lite/bin/../arm-none-eabi -MD
  19              	@ CRunTime.d -MF .dep/CRunTime.o.d -MP -MQ CRunTime.o -D__USES_INITFINI__
  20              	@ -D__CS_SOURCERYGXX_MAJ__=2011 -D__CS_SOURCERYGXX_MIN__=3
  21              	@ -D__CS_SOURCERYGXX_REV__=42 CRunTime.c -mcpu=arm7tdmi -auxbase-strip
  22              	@ CRunTime.o -gdwarf-2 -O2 -Wall -Wstrict-prototypes -fomit-frame-pointer
  23              	@ -ffunction-sections -fverbose-asm -fremove-local-statics
  24              	@ options enabled:  -falign-loops -fargument-alias -fauto-inc-dec
  25              	@ -fbranch-count-reg -fcaller-saves -fcommon -fcprop-registers
  26              	@ -fcrossjumping -fcse-follow-jumps -fdefer-pop
  27              	@ -fdelete-null-pointer-checks -fdwarf2-cfi-asm -fearly-inlining
  28              	@ -feliminate-unused-debug-types -fexpensive-optimizations
  29              	@ -fextension-elimination -fforward-propagate -ffunction-cse
  30              	@ -ffunction-sections -fgcse -fgcse-lm -fguess-branch-probability -fident
  31              	@ -fif-conversion -fif-conversion2 -findirect-inlining -finline
  32              	@ -finline-functions-called-once -finline-small-functions -fipa-cp
  33              	@ -fipa-pure-const -fipa-reference -fipa-sra -fira-share-save-slots
  34              	@ -fira-share-spill-slots -fivopts -fkeep-static-consts
  35              	@ -fleading-underscore -fmath-errno -fmerge-constants -fmerge-debug-strings
  36              	@ -fmove-loop-invariants -fomit-frame-pointer -foptimize-register-move
  37              	@ -foptimize-sibling-calls -fpeephole -fpeephole2 -fpromote-loop-indices
  38              	@ -freg-struct-return -fregmove -frename-registers -freorder-blocks
  39              	@ -freorder-functions -frerun-cse-after-loop
  40              	@ -fsched-critical-path-heuristic -fsched-dep-count-heuristic
  41              	@ -fsched-group-heuristic -fsched-interblock -fsched-last-insn-heuristic
  42              	@ -fsched-rank-heuristic -fsched-spec -fsched-spec-insn-heuristic
  43              	@ -fsched-stalled-insns-dep -fschedule-insns -fschedule-insns2
  44              	@ -fsection-anchors -fshow-column -fsigned-zeros -fsplit-ivs-in-unroller
  45              	@ -fsplit-wide-types -fstrict-aliasing -fstrict-overflow
  46              	@ -fstrict-volatile-bitfields -fthread-jumps -ftoplevel-reorder
  47              	@ -ftrapping-math -ftree-builtin-call-dce -ftree-ccp -ftree-ch
  48              	@ -ftree-copy-prop -ftree-copyrename -ftree-cselim -ftree-dce
  49              	@ -ftree-dominator-opts -ftree-dse -ftree-forwprop -ftree-fre
  50              	@ -ftree-if-to-switch-conversion -ftree-loop-im -ftree-loop-ivcanon
  51              	@ -ftree-loop-optimize -ftree-parallelize-loops= -ftree-phiprop -ftree-pre
  52              	@ -ftree-pta -ftree-reassoc -ftree-scev-cprop -ftree-sink
  53              	@ -ftree-slp-vectorize -ftree-sra -ftree-switch-conversion -ftree-ter
  54              	@ -ftree-vect-loop-version -ftree-vrp -funit-at-a-time -funroll-loops
  55              	@ -fvar-tracking -fvar-tracking-assignments -fverbose-asm -fweb
  56              	@ -fzero-initialized-in-bss -mlittle-endian -msched-prolog
  57              	@ -mthumb-interwork
ARM GAS  /tmp/ccNZJq5X.s 			page 2


  58              	
  59              		.section	.debug_abbrev,"",%progbits
  60              	.Ldebug_abbrev0:
  61              		.section	.debug_info,"",%progbits
  62              	.Ldebug_info0:
  63              		.section	.debug_line,"",%progbits
  64              	.Ldebug_line0:
  65 0000 99010000 		.text
  65      02001A01 
  65      00000201 
  65      FB0E0D00 
  65      01010101 
  66              	.Ltext0:
  67              	@ Compiler executable checksum: f905e5265c5e2bdb166d278b4b873d0b
  68              	
  69              		.cfi_sections	.debug_frame
  70              		.section	.text._isatty,"ax",%progbits
  71              		.align	2
  72              		.global	_isatty
  73              		.type	_isatty, %function
  74              	_isatty:
  75              	.LFB0:
  76              		.file 1 "CRunTime.c"
   1:CRunTime.c    **** /***************************************************************************
   2:CRunTime.c    ****  *                                                                         *
   3:CRunTime.c    ****  *                              ESS, Inc.                                  *
   4:CRunTime.c    ****  *                                                                         *
   5:CRunTime.c    ****  *    ESS, Inc. CONFIDENTIAL AND PROPRIETARY.  This source is the sole     *
   6:CRunTime.c    ****  *    property of ESS, Inc.  Reproduction or utilization of this source    *
   7:CRunTime.c    ****  *    in whole or in part is forbidden without the written consent of      *
   8:CRunTime.c    ****  *    ESS, Inc.                                                            *
   9:CRunTime.c    ****  *                                                                         *
  10:CRunTime.c    ****  ***************************************************************************
  11:CRunTime.c    ****  *                                                                         *
  12:CRunTime.c    ****  *            (c) Copyright 1997-2009 -- All Rights Reserved               *
  13:CRunTime.c    ****  *                                                                         *
  14:CRunTime.c    ****  ***************************************************************************
  15:CRunTime.c    ****  *                                                                         *
  16:CRunTime.c    ****  * Filename:     CRunTime.c                                                *
  17:CRunTime.c    ****  *                                                                         *
  18:CRunTime.c    ****  * History:      v 1.0 - Initial release                                   *
  19:CRunTime.c    ****  ***************************************************************************/
  20:CRunTime.c    **** 
  21:CRunTime.c    **** #include <sys/types.h>
  22:CRunTime.c    **** #include <sys/stat.h>
  23:CRunTime.c    **** 
  24:CRunTime.c    **** // Since the CodeSourcery compiler is for a "bare metal" machine, the
  25:CRunTime.c    **** // C library needs minimal support functions.
  26:CRunTime.c    **** 
  27:CRunTime.c    **** int _isatty(int fd)
  28:CRunTime.c    **** {
  77              		.loc 1 28 0
  78              		.cfi_startproc
  79              		@ Function supports interworking.
  80              		@ args = 0, pretend = 0, frame = 0
  81              		@ frame_needed = 0, uses_anonymous_args = 0
  82              		@ link register save eliminated.
ARM GAS  /tmp/ccNZJq5X.s 			page 3


  83              	.LVL0:
  29:CRunTime.c    ****     return 1;
  30:CRunTime.c    **** }
  84              		.loc 1 30 0
  85 0000 0100A0E3 		mov	r0, #1	@,
  86              	.LVL1:
  87 0004 1EFF2FE1 		bx	lr	@
  88              		.cfi_endproc
  89              	.LFE0:
  90              		.size	_isatty, .-_isatty
  91              		.section	.text._lseek,"ax",%progbits
  92              		.align	2
  93              		.global	_lseek
  94              		.type	_lseek, %function
  95              	_lseek:
  96              	.LFB1:
  31:CRunTime.c    **** 
  32:CRunTime.c    **** int _lseek(int fd, int ptr,int dir)
  33:CRunTime.c    **** {
  97              		.loc 1 33 0
  98              		.cfi_startproc
  99              		@ Function supports interworking.
 100              		@ args = 0, pretend = 0, frame = 0
 101              		@ frame_needed = 0, uses_anonymous_args = 0
 102              		@ link register save eliminated.
 103              	.LVL2:
  34:CRunTime.c    ****     return -1;
  35:CRunTime.c    **** }
 104              		.loc 1 35 0
 105 0000 0000E0E3 		mvn	r0, #0	@,
 106              	.LVL3:
 107 0004 1EFF2FE1 		bx	lr	@
 108              		.cfi_endproc
 109              	.LFE1:
 110              		.size	_lseek, .-_lseek
 111              		.section	.text._read,"ax",%progbits
 112              		.align	2
 113              		.global	_read
 114              		.type	_read, %function
 115              	_read:
 116              	.LFB2:
  36:CRunTime.c    **** 
  37:CRunTime.c    **** int _read(int fd, void *buffer, unsigned int count)
  38:CRunTime.c    **** {
 117              		.loc 1 38 0
 118              		.cfi_startproc
 119              		@ Function supports interworking.
 120              		@ args = 0, pretend = 0, frame = 0
 121              		@ frame_needed = 0, uses_anonymous_args = 0
 122              		@ link register save eliminated.
 123              	.LVL4:
  39:CRunTime.c    ****     *((char *) buffer) = '*';
 124              		.loc 1 39 0
 125 0000 2A30A0E3 		mov	r3, #42	@ tmp138,
 126 0004 0030C1E5 		strb	r3, [r1, #0]	@ tmp138,* buffer
  40:CRunTime.c    **** 
  41:CRunTime.c    ****     return 1;
ARM GAS  /tmp/ccNZJq5X.s 			page 4


  42:CRunTime.c    **** }
 127              		.loc 1 42 0
 128 0008 0100A0E3 		mov	r0, #1	@,
 129              	.LVL5:
 130 000c 1EFF2FE1 		bx	lr	@
 131              		.cfi_endproc
 132              	.LFE2:
 133              		.size	_read, .-_read
 134              		.section	.text._close,"ax",%progbits
 135              		.align	2
 136              		.global	_close
 137              		.type	_close, %function
 138              	_close:
 139              	.LFB3:
  43:CRunTime.c    **** 
  44:CRunTime.c    **** int _close(int fd)
  45:CRunTime.c    **** {
 140              		.loc 1 45 0
 141              		.cfi_startproc
 142              		@ Function supports interworking.
 143              		@ args = 0, pretend = 0, frame = 0
 144              		@ frame_needed = 0, uses_anonymous_args = 0
 145              		@ link register save eliminated.
 146              	.LVL6:
  46:CRunTime.c    ****     return 0;
  47:CRunTime.c    **** }
 147              		.loc 1 47 0
 148 0000 0000A0E3 		mov	r0, #0	@,
 149              	.LVL7:
 150 0004 1EFF2FE1 		bx	lr	@
 151              		.cfi_endproc
 152              	.LFE3:
 153              		.size	_close, .-_close
 154              		.section	.text._write,"ax",%progbits
 155              		.align	2
 156              		.global	_write
 157              		.type	_write, %function
 158              	_write:
 159              	.LFB4:
  48:CRunTime.c    **** 
  49:CRunTime.c    **** int _write(int fd, const void *data, unsigned int count)
  50:CRunTime.c    **** {
 160              		.loc 1 50 0
 161              		.cfi_startproc
 162              		@ Function supports interworking.
 163              		@ args = 0, pretend = 0, frame = 0
 164              		@ frame_needed = 0, uses_anonymous_args = 0
 165              		@ link register save eliminated.
 166              	.LVL8:
  51:CRunTime.c    ****     return count;
  52:CRunTime.c    **** }
 167              		.loc 1 52 0
 168 0000 0200A0E1 		mov	r0, r2	@, count
 169              	.LVL9:
 170 0004 1EFF2FE1 		bx	lr	@
 171              		.cfi_endproc
 172              	.LFE4:
ARM GAS  /tmp/ccNZJq5X.s 			page 5


 173              		.size	_write, .-_write
 174              		.section	.text._fstat,"ax",%progbits
 175              		.align	2
 176              		.global	_fstat
 177              		.type	_fstat, %function
 178              	_fstat:
 179              	.LFB5:
  53:CRunTime.c    **** 
  54:CRunTime.c    **** int _fstat(int fd, struct stat * st)
  55:CRunTime.c    **** {
 180              		.loc 1 55 0
 181              		.cfi_startproc
 182              		@ Function supports interworking.
 183              		@ args = 0, pretend = 0, frame = 0
 184              		@ frame_needed = 0, uses_anonymous_args = 0
 185              		@ link register save eliminated.
 186              	.LVL10:
  56:CRunTime.c    ****     st->st_mode = S_IFCHR;
 187              		.loc 1 56 0
 188 0000 023AA0E3 		mov	r3, #8192	@ tmp136,
 189 0004 043081E5 		str	r3, [r1, #4]	@ tmp136, st_1(D)->st_mode
  57:CRunTime.c    ****     return 0;
  58:CRunTime.c    **** }
 190              		.loc 1 58 0
 191 0008 0000A0E3 		mov	r0, #0	@,
 192              	.LVL11:
 193 000c 1EFF2FE1 		bx	lr	@
 194              		.cfi_endproc
 195              	.LFE5:
 196              		.size	_fstat, .-_fstat
 197              		.section	.text._sbrk_r,"ax",%progbits
 198              		.align	2
 199              		.global	_sbrk_r
 200              		.type	_sbrk_r, %function
 201              	_sbrk_r:
 202              	.LFB6:
  59:CRunTime.c    **** 
  60:CRunTime.c    **** register char *stack_ptr asm ("sp");
  61:CRunTime.c    **** 
  62:CRunTime.c    **** caddr_t _sbrk_r(void *reent, size_t incr)
  63:CRunTime.c    **** {
 203              		.loc 1 63 0
 204              		.cfi_startproc
 205              		@ Function supports interworking.
 206              		@ args = 0, pretend = 0, frame = 0
 207              		@ frame_needed = 0, uses_anonymous_args = 0
 208              		@ link register save eliminated.
 209              	.LVL12:
  64:CRunTime.c    ****     // Defined by the linker
  65:CRunTime.c    ****     extern char end asm ("end");
  66:CRunTime.c    **** 
  67:CRunTime.c    ****     static char *heap_end = NULL;
  68:CRunTime.c    **** 
  69:CRunTime.c    ****     char *prev_heap_end;
  70:CRunTime.c    **** 
  71:CRunTime.c    ****     if(heap_end == NULL)
 210              		.loc 1 71 0
ARM GAS  /tmp/ccNZJq5X.s 			page 6


 211 0000 24309FE5 		ldr	r3, .L11	@ tmp144,
 212 0004 000093E5 		ldr	r0, [r3, #0]	@ prev_heap_end, heap_end
 213              	.LVL13:
 214 0008 000050E3 		cmp	r0, #0	@ prev_heap_end,
  72:CRunTime.c    ****         heap_end = &end;
 215              		.loc 1 72 0
 216 000c 1C009F05 		ldreq	r0, .L11+4	@ tmp141,
  73:CRunTime.c    **** 
  74:CRunTime.c    ****     prev_heap_end = heap_end;
  75:CRunTime.c    **** 
  76:CRunTime.c    ****     if(( heap_end + incr ) > stack_ptr )
 217              		.loc 1 76 0
 218 0010 0D20A0E1 		mov	r2, sp	@, stack_ptr
 219 0014 011080E0 		add	r1, r0, r1	@ heap_end.2, prev_heap_end, incr
 220              	.LVL14:
  72:CRunTime.c    ****         heap_end = &end;
 221              		.loc 1 72 0
 222 0018 00008305 		streq	r0, [r3, #0]	@ tmp141, heap_end
 223              	.LVL15:
 224              		.loc 1 76 0
 225 001c 020051E1 		cmp	r1, r2	@ heap_end.2,
  77:CRunTime.c    ****         return (caddr_t) -1;
  78:CRunTime.c    **** 
  79:CRunTime.c    ****     heap_end += incr;
 226              		.loc 1 79 0
 227 0020 00108395 		strls	r1, [r3, #0]	@ heap_end.2, heap_end
  77:CRunTime.c    ****         return (caddr_t) -1;
 228              		.loc 1 77 0
 229 0024 0000E083 		mvnhi	r0, #0	@ prev_heap_end,
 230              	.LVL16:
  80:CRunTime.c    ****     return (caddr_t) prev_heap_end;
  81:CRunTime.c    **** }
 231              		.loc 1 81 0
 232 0028 1EFF2FE1 		bx	lr	@
 233              	.L12:
 234              		.align	2
 235              	.L11:
 236 002c 00000000 		.word	.LANCHOR0
 237 0030 00000000 		.word	end
 238              		.cfi_endproc
 239              	.LFE6:
 240              		.size	_sbrk_r, .-_sbrk_r
 241              		.bss
 242              		.align	2
 243              		.set	.LANCHOR0,. + 0
 244              		.type	heap_end.4271, %object
 245              		.size	heap_end.4271, 4
 246              	heap_end.4271:
 247 0000 00000000 		.space	4
 248              		.text
 249              	.Letext0:
 250              		.section	.debug_loc,"",%progbits
 251              	.Ldebug_loc0:
 252              	.LLST0:
 253 0000 00000000 		.4byte	.LVL0
 254 0004 04000000 		.4byte	.LVL1
 255 0008 0100     		.2byte	0x1
ARM GAS  /tmp/ccNZJq5X.s 			page 7


 256 000a 50       		.byte	0x50
 257 000b 00000000 		.4byte	0x0
 258 000f 00000000 		.4byte	0x0
 259              	.LLST1:
 260 0013 00000000 		.4byte	.LVL2
 261 0017 04000000 		.4byte	.LVL3
 262 001b 0100     		.2byte	0x1
 263 001d 50       		.byte	0x50
 264 001e 00000000 		.4byte	0x0
 265 0022 00000000 		.4byte	0x0
 266              	.LLST2:
 267 0026 00000000 		.4byte	.LVL4
 268 002a 0C000000 		.4byte	.LVL5
 269 002e 0100     		.2byte	0x1
 270 0030 50       		.byte	0x50
 271 0031 00000000 		.4byte	0x0
 272 0035 00000000 		.4byte	0x0
 273              	.LLST3:
 274 0039 00000000 		.4byte	.LVL6
 275 003d 04000000 		.4byte	.LVL7
 276 0041 0100     		.2byte	0x1
 277 0043 50       		.byte	0x50
 278 0044 00000000 		.4byte	0x0
 279 0048 00000000 		.4byte	0x0
 280              	.LLST4:
 281 004c 00000000 		.4byte	.LVL8
 282 0050 04000000 		.4byte	.LVL9
 283 0054 0100     		.2byte	0x1
 284 0056 50       		.byte	0x50
 285 0057 00000000 		.4byte	0x0
 286 005b 00000000 		.4byte	0x0
 287              	.LLST5:
 288 005f 00000000 		.4byte	.LVL10
 289 0063 0C000000 		.4byte	.LVL11
 290 0067 0100     		.2byte	0x1
 291 0069 50       		.byte	0x50
 292 006a 00000000 		.4byte	0x0
 293 006e 00000000 		.4byte	0x0
 294              	.LLST6:
 295 0072 00000000 		.4byte	.LVL12
 296 0076 08000000 		.4byte	.LVL13
 297 007a 0100     		.2byte	0x1
 298 007c 50       		.byte	0x50
 299 007d 00000000 		.4byte	0x0
 300 0081 00000000 		.4byte	0x0
 301              	.LLST7:
 302 0085 00000000 		.4byte	.LVL12
 303 0089 18000000 		.4byte	.LVL14
 304 008d 0100     		.2byte	0x1
 305 008f 51       		.byte	0x51
 306 0090 00000000 		.4byte	0x0
 307 0094 00000000 		.4byte	0x0
 308              	.LLST8:
 309 0098 1C000000 		.4byte	.LVL15
 310 009c 28000000 		.4byte	.LVL16
 311 00a0 0100     		.2byte	0x1
 312 00a2 50       		.byte	0x50
ARM GAS  /tmp/ccNZJq5X.s 			page 8


 313 00a3 00000000 		.4byte	0x0
 314 00a7 00000000 		.4byte	0x0
 315              		.file 2 "/home/elijah/CodeSourcery/Sourcery_G++_Lite/bin/../lib/gcc/arm-none-eabi/4.5.2/../../../.
 316              		.file 3 "/home/elijah/CodeSourcery/Sourcery_G++_Lite/bin/../lib/gcc/arm-none-eabi/4.5.2/include/st
 317              		.file 4 "/home/elijah/CodeSourcery/Sourcery_G++_Lite/bin/../lib/gcc/arm-none-eabi/4.5.2/../../../.
 318              		.file 5 "/home/elijah/CodeSourcery/Sourcery_G++_Lite/bin/../lib/gcc/arm-none-eabi/4.5.2/../../../.
 319              		.section	.debug_info
 320 0000 21040000 		.4byte	0x421
 321 0004 0200     		.2byte	0x2
 322 0006 00000000 		.4byte	.Ldebug_abbrev0
 323 000a 04       		.byte	0x4
 324 000b 01       		.uleb128 0x1
 325 000c 15020000 		.4byte	.LASF57
 326 0010 01       		.byte	0x1
 327 0011 30000000 		.4byte	.LASF58
 328 0015 07010000 		.4byte	.LASF59
 329 0019 00000000 		.4byte	0x0
 330 001d 00000000 		.4byte	0x0
 331 0021 00000000 		.4byte	.Ldebug_ranges0+0x0
 332 0025 00000000 		.4byte	.Ldebug_line0
 333 0029 02       		.uleb128 0x2
 334 002a 01       		.byte	0x1
 335 002b 06       		.byte	0x6
 336 002c 5C000000 		.4byte	.LASF0
 337 0030 02       		.uleb128 0x2
 338 0031 01       		.byte	0x1
 339 0032 08       		.byte	0x8
 340 0033 A2010000 		.4byte	.LASF1
 341 0037 02       		.uleb128 0x2
 342 0038 02       		.byte	0x2
 343 0039 05       		.byte	0x5
 344 003a B0010000 		.4byte	.LASF2
 345 003e 02       		.uleb128 0x2
 346 003f 02       		.byte	0x2
 347 0040 07       		.byte	0x7
 348 0041 31010000 		.4byte	.LASF3
 349 0045 03       		.uleb128 0x3
 350 0046 04       		.byte	0x4
 351 0047 05       		.byte	0x5
 352 0048 696E7400 		.ascii	"int\000"
 353 004c 02       		.uleb128 0x2
 354 004d 04       		.byte	0x4
 355 004e 07       		.byte	0x7
 356 004f E1000000 		.4byte	.LASF4
 357 0053 02       		.uleb128 0x2
 358 0054 08       		.byte	0x8
 359 0055 05       		.byte	0x5
 360 0056 4E000000 		.4byte	.LASF5
 361 005a 02       		.uleb128 0x2
 362 005b 08       		.byte	0x8
 363 005c 07       		.byte	0x7
 364 005d 0F000000 		.4byte	.LASF6
 365 0061 04       		.uleb128 0x4
 366 0062 76010000 		.4byte	.LASF8
 367 0066 02       		.byte	0x2
 368 0067 10       		.byte	0x10
 369 0068 6C000000 		.4byte	0x6c
ARM GAS  /tmp/ccNZJq5X.s 			page 9


 370 006c 02       		.uleb128 0x2
 371 006d 04       		.byte	0x4
 372 006e 05       		.byte	0x5
 373 006f 6F000000 		.4byte	.LASF7
 374 0073 04       		.uleb128 0x4
 375 0074 AA000000 		.4byte	.LASF9
 376 0078 02       		.byte	0x2
 377 0079 18       		.byte	0x18
 378 007a 37000000 		.4byte	0x37
 379 007e 04       		.uleb128 0x4
 380 007f F0010000 		.4byte	.LASF10
 381 0083 02       		.byte	0x2
 382 0084 1D       		.byte	0x1d
 383 0085 3E000000 		.4byte	0x3e
 384 0089 04       		.uleb128 0x4
 385 008a 00000000 		.4byte	.LASF11
 386 008e 02       		.byte	0x2
 387 008f 20       		.byte	0x20
 388 0090 3E000000 		.4byte	0x3e
 389 0094 05       		.uleb128 0x5
 390 0095 04       		.byte	0x4
 391 0096 04       		.uleb128 0x4
 392 0097 08000000 		.4byte	.LASF12
 393 009b 03       		.byte	0x3
 394 009c D3       		.byte	0xd3
 395 009d 4C000000 		.4byte	0x4c
 396 00a1 02       		.uleb128 0x2
 397 00a2 04       		.byte	0x4
 398 00a3 07       		.byte	0x7
 399 00a4 F5000000 		.4byte	.LASF13
 400 00a8 04       		.uleb128 0x4
 401 00a9 8C010000 		.4byte	.LASF14
 402 00ad 04       		.byte	0x4
 403 00ae 6D       		.byte	0x6d
 404 00af 6C000000 		.4byte	0x6c
 405 00b3 04       		.uleb128 0x4
 406 00b4 D4010000 		.4byte	.LASF15
 407 00b8 04       		.byte	0x4
 408 00b9 7E       		.byte	0x7e
 409 00ba BE000000 		.4byte	0xbe
 410 00be 06       		.uleb128 0x6
 411 00bf 04       		.byte	0x4
 412 00c0 C4000000 		.4byte	0xc4
 413 00c4 02       		.uleb128 0x2
 414 00c5 01       		.byte	0x1
 415 00c6 08       		.byte	0x8
 416 00c7 E4010000 		.4byte	.LASF16
 417 00cb 04       		.uleb128 0x4
 418 00cc 2A020000 		.4byte	.LASF17
 419 00d0 04       		.byte	0x4
 420 00d1 85       		.byte	0x85
 421 00d2 3E000000 		.4byte	0x3e
 422 00d6 04       		.uleb128 0x4
 423 00d7 99000000 		.4byte	.LASF18
 424 00db 04       		.byte	0x4
 425 00dc A2       		.byte	0xa2
 426 00dd 61000000 		.4byte	0x61
ARM GAS  /tmp/ccNZJq5X.s 			page 10


 427 00e1 04       		.uleb128 0x4
 428 00e2 7D010000 		.4byte	.LASF19
 429 00e6 04       		.byte	0x4
 430 00e7 A3       		.byte	0xa3
 431 00e8 73000000 		.4byte	0x73
 432 00ec 04       		.uleb128 0x4
 433 00ed 26010000 		.4byte	.LASF20
 434 00f1 04       		.byte	0x4
 435 00f2 A4       		.byte	0xa4
 436 00f3 7E000000 		.4byte	0x7e
 437 00f7 04       		.uleb128 0x4
 438 00f8 9F000000 		.4byte	.LASF21
 439 00fc 04       		.byte	0x4
 440 00fd A5       		.byte	0xa5
 441 00fe 89000000 		.4byte	0x89
 442 0102 04       		.uleb128 0x4
 443 0103 07020000 		.4byte	.LASF22
 444 0107 04       		.byte	0x4
 445 0108 BF       		.byte	0xbf
 446 0109 4C000000 		.4byte	0x4c
 447 010d 04       		.uleb128 0x4
 448 010e 8B000000 		.4byte	.LASF23
 449 0112 04       		.byte	0x4
 450 0113 C4       		.byte	0xc4
 451 0114 3E000000 		.4byte	0x3e
 452 0118 07       		.uleb128 0x7
 453 0119 3B000000 		.4byte	.LASF60
 454 011d 3C       		.byte	0x3c
 455 011e 05       		.byte	0x5
 456 011f 19       		.byte	0x19
 457 0120 13020000 		.4byte	0x213
 458 0124 08       		.uleb128 0x8
 459 0125 0E020000 		.4byte	.LASF24
 460 0129 05       		.byte	0x5
 461 012a 1B       		.byte	0x1b
 462 012b E1000000 		.4byte	0xe1
 463 012f 02       		.byte	0x2
 464 0130 23       		.byte	0x23
 465 0131 00       		.uleb128 0x0
 466 0132 08       		.uleb128 0x8
 467 0133 68000000 		.4byte	.LASF25
 468 0137 05       		.byte	0x5
 469 0138 1C       		.byte	0x1c
 470 0139 CB000000 		.4byte	0xcb
 471 013d 02       		.byte	0x2
 472 013e 23       		.byte	0x23
 473 013f 02       		.uleb128 0x2
 474 0140 08       		.uleb128 0x8
 475 0141 6E010000 		.4byte	.LASF26
 476 0145 05       		.byte	0x5
 477 0146 1D       		.byte	0x1d
 478 0147 02010000 		.4byte	0x102
 479 014b 02       		.byte	0x2
 480 014c 23       		.byte	0x23
 481 014d 04       		.uleb128 0x4
 482 014e 08       		.uleb128 0x8
 483 014f 99010000 		.4byte	.LASF27
ARM GAS  /tmp/ccNZJq5X.s 			page 11


 484 0153 05       		.byte	0x5
 485 0154 1E       		.byte	0x1e
 486 0155 0D010000 		.4byte	0x10d
 487 0159 02       		.byte	0x2
 488 015a 23       		.byte	0x23
 489 015b 08       		.uleb128 0x8
 490 015c 08       		.uleb128 0x8
 491 015d B2000000 		.4byte	.LASF28
 492 0161 05       		.byte	0x5
 493 0162 1F       		.byte	0x1f
 494 0163 EC000000 		.4byte	0xec
 495 0167 02       		.byte	0x2
 496 0168 23       		.byte	0x23
 497 0169 0A       		.uleb128 0xa
 498 016a 08       		.uleb128 0x8
 499 016b F8010000 		.4byte	.LASF29
 500 016f 05       		.byte	0x5
 501 0170 20       		.byte	0x20
 502 0171 F7000000 		.4byte	0xf7
 503 0175 02       		.byte	0x2
 504 0176 23       		.byte	0x23
 505 0177 0C       		.uleb128 0xc
 506 0178 08       		.uleb128 0x8
 507 0179 DC010000 		.4byte	.LASF30
 508 017d 05       		.byte	0x5
 509 017e 21       		.byte	0x21
 510 017f E1000000 		.4byte	0xe1
 511 0183 02       		.byte	0x2
 512 0184 23       		.byte	0x23
 513 0185 0E       		.uleb128 0xe
 514 0186 08       		.uleb128 0x8
 515 0187 5F010000 		.4byte	.LASF31
 516 018b 05       		.byte	0x5
 517 018c 22       		.byte	0x22
 518 018d D6000000 		.4byte	0xd6
 519 0191 02       		.byte	0x2
 520 0192 23       		.byte	0x23
 521 0193 10       		.uleb128 0x10
 522 0194 08       		.uleb128 0x8
 523 0195 56010000 		.4byte	.LASF32
 524 0199 05       		.byte	0x5
 525 019a 30       		.byte	0x30
 526 019b A8000000 		.4byte	0xa8
 527 019f 02       		.byte	0x2
 528 01a0 23       		.byte	0x23
 529 01a1 14       		.uleb128 0x14
 530 01a2 08       		.uleb128 0x8
 531 01a3 B9000000 		.4byte	.LASF33
 532 01a7 05       		.byte	0x5
 533 01a8 31       		.byte	0x31
 534 01a9 6C000000 		.4byte	0x6c
 535 01ad 02       		.byte	0x2
 536 01ae 23       		.byte	0x23
 537 01af 18       		.uleb128 0x18
 538 01b0 08       		.uleb128 0x8
 539 01b1 21020000 		.4byte	.LASF34
 540 01b5 05       		.byte	0x5
ARM GAS  /tmp/ccNZJq5X.s 			page 12


 541 01b6 32       		.byte	0x32
 542 01b7 A8000000 		.4byte	0xa8
 543 01bb 02       		.byte	0x2
 544 01bc 23       		.byte	0x23
 545 01bd 1C       		.uleb128 0x1c
 546 01be 08       		.uleb128 0x8
 547 01bf C3000000 		.4byte	.LASF35
 548 01c3 05       		.byte	0x5
 549 01c4 33       		.byte	0x33
 550 01c5 6C000000 		.4byte	0x6c
 551 01c9 02       		.byte	0x2
 552 01ca 23       		.byte	0x23
 553 01cb 20       		.uleb128 0x20
 554 01cc 08       		.uleb128 0x8
 555 01cd C5010000 		.4byte	.LASF36
 556 01d1 05       		.byte	0x5
 557 01d2 34       		.byte	0x34
 558 01d3 A8000000 		.4byte	0xa8
 559 01d7 02       		.byte	0x2
 560 01d8 23       		.byte	0x23
 561 01d9 24       		.uleb128 0x24
 562 01da 08       		.uleb128 0x8
 563 01db CD000000 		.4byte	.LASF37
 564 01df 05       		.byte	0x5
 565 01e0 35       		.byte	0x35
 566 01e1 6C000000 		.4byte	0x6c
 567 01e5 02       		.byte	0x2
 568 01e6 23       		.byte	0x23
 569 01e7 28       		.uleb128 0x28
 570 01e8 08       		.uleb128 0x8
 571 01e9 BA010000 		.4byte	.LASF38
 572 01ed 05       		.byte	0x5
 573 01ee 36       		.byte	0x36
 574 01ef 6C000000 		.4byte	0x6c
 575 01f3 02       		.byte	0x2
 576 01f4 23       		.byte	0x23
 577 01f5 2C       		.uleb128 0x2c
 578 01f6 08       		.uleb128 0x8
 579 01f7 26000000 		.4byte	.LASF39
 580 01fb 05       		.byte	0x5
 581 01fc 37       		.byte	0x37
 582 01fd 6C000000 		.4byte	0x6c
 583 0201 02       		.byte	0x2
 584 0202 23       		.byte	0x23
 585 0203 30       		.uleb128 0x30
 586 0204 08       		.uleb128 0x8
 587 0205 D7000000 		.4byte	.LASF40
 588 0209 05       		.byte	0x5
 589 020a 38       		.byte	0x38
 590 020b 13020000 		.4byte	0x213
 591 020f 02       		.byte	0x2
 592 0210 23       		.byte	0x23
 593 0211 34       		.uleb128 0x34
 594 0212 00       		.byte	0x0
 595 0213 09       		.uleb128 0x9
 596 0214 6C000000 		.4byte	0x6c
 597 0218 23020000 		.4byte	0x223
ARM GAS  /tmp/ccNZJq5X.s 			page 13


 598 021c 0A       		.uleb128 0xa
 599 021d 4C000000 		.4byte	0x4c
 600 0221 01       		.byte	0x1
 601 0222 00       		.byte	0x0
 602 0223 0B       		.uleb128 0xb
 603 0224 01       		.byte	0x1
 604 0225 4E010000 		.4byte	.LASF41
 605 0229 01       		.byte	0x1
 606 022a 1B       		.byte	0x1b
 607 022b 01       		.byte	0x1
 608 022c 45000000 		.4byte	0x45
 609 0230 00000000 		.4byte	.LFB0
 610 0234 08000000 		.4byte	.LFE0
 611 0238 02       		.byte	0x2
 612 0239 7D       		.byte	0x7d
 613 023a 00       		.sleb128 0
 614 023b 4E020000 		.4byte	0x24e
 615 023f 0C       		.uleb128 0xc
 616 0240 666400   		.ascii	"fd\000"
 617 0243 01       		.byte	0x1
 618 0244 1B       		.byte	0x1b
 619 0245 45000000 		.4byte	0x45
 620 0249 00000000 		.4byte	.LLST0
 621 024d 00       		.byte	0x0
 622 024e 0B       		.uleb128 0xb
 623 024f 01       		.byte	0x1
 624 0250 78000000 		.4byte	.LASF42
 625 0254 01       		.byte	0x1
 626 0255 20       		.byte	0x20
 627 0256 01       		.byte	0x1
 628 0257 45000000 		.4byte	0x45
 629 025b 00000000 		.4byte	.LFB1
 630 025f 08000000 		.4byte	.LFE1
 631 0263 02       		.byte	0x2
 632 0264 7D       		.byte	0x7d
 633 0265 00       		.sleb128 0
 634 0266 93020000 		.4byte	0x293
 635 026a 0C       		.uleb128 0xc
 636 026b 666400   		.ascii	"fd\000"
 637 026e 01       		.byte	0x1
 638 026f 20       		.byte	0x20
 639 0270 45000000 		.4byte	0x45
 640 0274 13000000 		.4byte	.LLST1
 641 0278 0D       		.uleb128 0xd
 642 0279 70747200 		.ascii	"ptr\000"
 643 027d 01       		.byte	0x1
 644 027e 20       		.byte	0x20
 645 027f 45000000 		.4byte	0x45
 646 0283 01       		.byte	0x1
 647 0284 51       		.byte	0x51
 648 0285 0D       		.uleb128 0xd
 649 0286 64697200 		.ascii	"dir\000"
 650 028a 01       		.byte	0x1
 651 028b 20       		.byte	0x20
 652 028c 45000000 		.4byte	0x45
 653 0290 01       		.byte	0x1
 654 0291 52       		.byte	0x52
ARM GAS  /tmp/ccNZJq5X.s 			page 14


 655 0292 00       		.byte	0x0
 656 0293 0B       		.uleb128 0xb
 657 0294 01       		.byte	0x1
 658 0295 93010000 		.4byte	.LASF43
 659 0299 01       		.byte	0x1
 660 029a 25       		.byte	0x25
 661 029b 01       		.byte	0x1
 662 029c 45000000 		.4byte	0x45
 663 02a0 00000000 		.4byte	.LFB2
 664 02a4 10000000 		.4byte	.LFE2
 665 02a8 02       		.byte	0x2
 666 02a9 7D       		.byte	0x7d
 667 02aa 00       		.sleb128 0
 668 02ab D8020000 		.4byte	0x2d8
 669 02af 0C       		.uleb128 0xc
 670 02b0 666400   		.ascii	"fd\000"
 671 02b3 01       		.byte	0x1
 672 02b4 25       		.byte	0x25
 673 02b5 45000000 		.4byte	0x45
 674 02b9 26000000 		.4byte	.LLST2
 675 02bd 0E       		.uleb128 0xe
 676 02be E9010000 		.4byte	.LASF44
 677 02c2 01       		.byte	0x1
 678 02c3 25       		.byte	0x25
 679 02c4 94000000 		.4byte	0x94
 680 02c8 01       		.byte	0x1
 681 02c9 51       		.byte	0x51
 682 02ca 0E       		.uleb128 0xe
 683 02cb 93000000 		.4byte	.LASF45
 684 02cf 01       		.byte	0x1
 685 02d0 25       		.byte	0x25
 686 02d1 4C000000 		.4byte	0x4c
 687 02d5 01       		.byte	0x1
 688 02d6 52       		.byte	0x52
 689 02d7 00       		.byte	0x0
 690 02d8 0B       		.uleb128 0xb
 691 02d9 01       		.byte	0x1
 692 02da EE000000 		.4byte	.LASF46
 693 02de 01       		.byte	0x1
 694 02df 2C       		.byte	0x2c
 695 02e0 01       		.byte	0x1
 696 02e1 45000000 		.4byte	0x45
 697 02e5 00000000 		.4byte	.LFB3
 698 02e9 08000000 		.4byte	.LFE3
 699 02ed 02       		.byte	0x2
 700 02ee 7D       		.byte	0x7d
 701 02ef 00       		.sleb128 0
 702 02f0 03030000 		.4byte	0x303
 703 02f4 0C       		.uleb128 0xc
 704 02f5 666400   		.ascii	"fd\000"
 705 02f8 01       		.byte	0x1
 706 02f9 2C       		.byte	0x2c
 707 02fa 45000000 		.4byte	0x45
 708 02fe 39000000 		.4byte	.LLST3
 709 0302 00       		.byte	0x0
 710 0303 0B       		.uleb128 0xb
 711 0304 01       		.byte	0x1
ARM GAS  /tmp/ccNZJq5X.s 			page 15


 712 0305 67010000 		.4byte	.LASF47
 713 0309 01       		.byte	0x1
 714 030a 31       		.byte	0x31
 715 030b 01       		.byte	0x1
 716 030c 45000000 		.4byte	0x45
 717 0310 00000000 		.4byte	.LFB4
 718 0314 08000000 		.4byte	.LFE4
 719 0318 02       		.byte	0x2
 720 0319 7D       		.byte	0x7d
 721 031a 00       		.sleb128 0
 722 031b 48030000 		.4byte	0x348
 723 031f 0C       		.uleb128 0xc
 724 0320 666400   		.ascii	"fd\000"
 725 0323 01       		.byte	0x1
 726 0324 31       		.byte	0x31
 727 0325 45000000 		.4byte	0x45
 728 0329 4C000000 		.4byte	.LLST4
 729 032d 0E       		.uleb128 0xe
 730 032e 2C010000 		.4byte	.LASF48
 731 0332 01       		.byte	0x1
 732 0333 31       		.byte	0x31
 733 0334 48030000 		.4byte	0x348
 734 0338 01       		.byte	0x1
 735 0339 51       		.byte	0x51
 736 033a 0E       		.uleb128 0xe
 737 033b 93000000 		.4byte	.LASF45
 738 033f 01       		.byte	0x1
 739 0340 31       		.byte	0x31
 740 0341 4C000000 		.4byte	0x4c
 741 0345 01       		.byte	0x1
 742 0346 52       		.byte	0x52
 743 0347 00       		.byte	0x0
 744 0348 06       		.uleb128 0x6
 745 0349 04       		.byte	0x4
 746 034a 4E030000 		.4byte	0x34e
 747 034e 0F       		.uleb128 0xf
 748 034f 0B       		.uleb128 0xb
 749 0350 01       		.byte	0x1
 750 0351 7F000000 		.4byte	.LASF49
 751 0355 01       		.byte	0x1
 752 0356 36       		.byte	0x36
 753 0357 01       		.byte	0x1
 754 0358 45000000 		.4byte	0x45
 755 035c 00000000 		.4byte	.LFB5
 756 0360 10000000 		.4byte	.LFE5
 757 0364 02       		.byte	0x2
 758 0365 7D       		.byte	0x7d
 759 0366 00       		.sleb128 0
 760 0367 86030000 		.4byte	0x386
 761 036b 0C       		.uleb128 0xc
 762 036c 666400   		.ascii	"fd\000"
 763 036f 01       		.byte	0x1
 764 0370 36       		.byte	0x36
 765 0371 45000000 		.4byte	0x45
 766 0375 5F000000 		.4byte	.LLST5
 767 0379 0D       		.uleb128 0xd
 768 037a 737400   		.ascii	"st\000"
ARM GAS  /tmp/ccNZJq5X.s 			page 16


 769 037d 01       		.byte	0x1
 770 037e 36       		.byte	0x36
 771 037f 86030000 		.4byte	0x386
 772 0383 01       		.byte	0x1
 773 0384 51       		.byte	0x51
 774 0385 00       		.byte	0x0
 775 0386 06       		.uleb128 0x6
 776 0387 04       		.byte	0x4
 777 0388 18010000 		.4byte	0x118
 778 038c 0B       		.uleb128 0xb
 779 038d 01       		.byte	0x1
 780 038e FF010000 		.4byte	.LASF50
 781 0392 01       		.byte	0x1
 782 0393 3E       		.byte	0x3e
 783 0394 01       		.byte	0x1
 784 0395 B3000000 		.4byte	0xb3
 785 0399 00000000 		.4byte	.LFB6
 786 039d 34000000 		.4byte	.LFE6
 787 03a1 02       		.byte	0x2
 788 03a2 7D       		.byte	0x7d
 789 03a3 00       		.sleb128 0
 790 03a4 F8030000 		.4byte	0x3f8
 791 03a8 10       		.uleb128 0x10
 792 03a9 CE010000 		.4byte	.LASF51
 793 03ad 01       		.byte	0x1
 794 03ae 3E       		.byte	0x3e
 795 03af 94000000 		.4byte	0x94
 796 03b3 72000000 		.4byte	.LLST6
 797 03b7 10       		.uleb128 0x10
 798 03b8 A5000000 		.4byte	.LASF52
 799 03bc 01       		.byte	0x1
 800 03bd 3E       		.byte	0x3e
 801 03be 96000000 		.4byte	0x96
 802 03c2 85000000 		.4byte	.LLST7
 803 03c6 11       		.uleb128 0x11
 804 03c7 656E6400 		.ascii	"end\000"
 805 03cb 01       		.byte	0x1
 806 03cc 41       		.byte	0x41
 807 03cd 86000000 		.4byte	.LASF56
 808 03d1 C4000000 		.4byte	0xc4
 809 03d5 01       		.byte	0x1
 810 03d6 01       		.byte	0x1
 811 03d7 12       		.uleb128 0x12
 812 03d8 83010000 		.4byte	.LASF53
 813 03dc 01       		.byte	0x1
 814 03dd 43       		.byte	0x43
 815 03de BE000000 		.4byte	0xbe
 816 03e2 05       		.byte	0x5
 817 03e3 03       		.byte	0x3
 818 03e4 00000000 		.4byte	heap_end.4271
 819 03e8 13       		.uleb128 0x13
 820 03e9 40000000 		.4byte	.LASF54
 821 03ed 01       		.byte	0x1
 822 03ee 45       		.byte	0x45
 823 03ef BE000000 		.4byte	0xbe
 824 03f3 98000000 		.4byte	.LLST8
 825 03f7 00       		.byte	0x0
ARM GAS  /tmp/ccNZJq5X.s 			page 17


 826 03f8 14       		.uleb128 0x14
 827 03f9 44010000 		.4byte	.LASF55
 828 03fd 01       		.byte	0x1
 829 03fe 3C       		.byte	0x3c
 830 03ff BE000000 		.4byte	0xbe
 831 0403 01       		.byte	0x1
 832 0404 01       		.byte	0x1
 833 0405 15       		.uleb128 0x15
 834 0406 44010000 		.4byte	.LASF55
 835 040a 01       		.byte	0x1
 836 040b 3C       		.byte	0x3c
 837 040c BE000000 		.4byte	0xbe
 838 0410 01       		.byte	0x1
 839 0411 01       		.byte	0x1
 840 0412 5D       		.byte	0x5d
 841 0413 11       		.uleb128 0x11
 842 0414 656E6400 		.ascii	"end\000"
 843 0418 01       		.byte	0x1
 844 0419 41       		.byte	0x41
 845 041a 86000000 		.4byte	.LASF56
 846 041e C4000000 		.4byte	0xc4
 847 0422 01       		.byte	0x1
 848 0423 01       		.byte	0x1
 849 0424 00       		.byte	0x0
 850              		.section	.debug_abbrev
 851 0000 01       		.uleb128 0x1
 852 0001 11       		.uleb128 0x11
 853 0002 01       		.byte	0x1
 854 0003 25       		.uleb128 0x25
 855 0004 0E       		.uleb128 0xe
 856 0005 13       		.uleb128 0x13
 857 0006 0B       		.uleb128 0xb
 858 0007 03       		.uleb128 0x3
 859 0008 0E       		.uleb128 0xe
 860 0009 1B       		.uleb128 0x1b
 861 000a 0E       		.uleb128 0xe
 862 000b 11       		.uleb128 0x11
 863 000c 01       		.uleb128 0x1
 864 000d 52       		.uleb128 0x52
 865 000e 01       		.uleb128 0x1
 866 000f 55       		.uleb128 0x55
 867 0010 06       		.uleb128 0x6
 868 0011 10       		.uleb128 0x10
 869 0012 06       		.uleb128 0x6
 870 0013 00       		.byte	0x0
 871 0014 00       		.byte	0x0
 872 0015 02       		.uleb128 0x2
 873 0016 24       		.uleb128 0x24
 874 0017 00       		.byte	0x0
 875 0018 0B       		.uleb128 0xb
 876 0019 0B       		.uleb128 0xb
 877 001a 3E       		.uleb128 0x3e
 878 001b 0B       		.uleb128 0xb
 879 001c 03       		.uleb128 0x3
 880 001d 0E       		.uleb128 0xe
 881 001e 00       		.byte	0x0
 882 001f 00       		.byte	0x0
ARM GAS  /tmp/ccNZJq5X.s 			page 18


 883 0020 03       		.uleb128 0x3
 884 0021 24       		.uleb128 0x24
 885 0022 00       		.byte	0x0
 886 0023 0B       		.uleb128 0xb
 887 0024 0B       		.uleb128 0xb
 888 0025 3E       		.uleb128 0x3e
 889 0026 0B       		.uleb128 0xb
 890 0027 03       		.uleb128 0x3
 891 0028 08       		.uleb128 0x8
 892 0029 00       		.byte	0x0
 893 002a 00       		.byte	0x0
 894 002b 04       		.uleb128 0x4
 895 002c 16       		.uleb128 0x16
 896 002d 00       		.byte	0x0
 897 002e 03       		.uleb128 0x3
 898 002f 0E       		.uleb128 0xe
 899 0030 3A       		.uleb128 0x3a
 900 0031 0B       		.uleb128 0xb
 901 0032 3B       		.uleb128 0x3b
 902 0033 0B       		.uleb128 0xb
 903 0034 49       		.uleb128 0x49
 904 0035 13       		.uleb128 0x13
 905 0036 00       		.byte	0x0
 906 0037 00       		.byte	0x0
 907 0038 05       		.uleb128 0x5
 908 0039 0F       		.uleb128 0xf
 909 003a 00       		.byte	0x0
 910 003b 0B       		.uleb128 0xb
 911 003c 0B       		.uleb128 0xb
 912 003d 00       		.byte	0x0
 913 003e 00       		.byte	0x0
 914 003f 06       		.uleb128 0x6
 915 0040 0F       		.uleb128 0xf
 916 0041 00       		.byte	0x0
 917 0042 0B       		.uleb128 0xb
 918 0043 0B       		.uleb128 0xb
 919 0044 49       		.uleb128 0x49
 920 0045 13       		.uleb128 0x13
 921 0046 00       		.byte	0x0
 922 0047 00       		.byte	0x0
 923 0048 07       		.uleb128 0x7
 924 0049 13       		.uleb128 0x13
 925 004a 01       		.byte	0x1
 926 004b 03       		.uleb128 0x3
 927 004c 0E       		.uleb128 0xe
 928 004d 0B       		.uleb128 0xb
 929 004e 0B       		.uleb128 0xb
 930 004f 3A       		.uleb128 0x3a
 931 0050 0B       		.uleb128 0xb
 932 0051 3B       		.uleb128 0x3b
 933 0052 0B       		.uleb128 0xb
 934 0053 01       		.uleb128 0x1
 935 0054 13       		.uleb128 0x13
 936 0055 00       		.byte	0x0
 937 0056 00       		.byte	0x0
 938 0057 08       		.uleb128 0x8
 939 0058 0D       		.uleb128 0xd
ARM GAS  /tmp/ccNZJq5X.s 			page 19


 940 0059 00       		.byte	0x0
 941 005a 03       		.uleb128 0x3
 942 005b 0E       		.uleb128 0xe
 943 005c 3A       		.uleb128 0x3a
 944 005d 0B       		.uleb128 0xb
 945 005e 3B       		.uleb128 0x3b
 946 005f 0B       		.uleb128 0xb
 947 0060 49       		.uleb128 0x49
 948 0061 13       		.uleb128 0x13
 949 0062 38       		.uleb128 0x38
 950 0063 0A       		.uleb128 0xa
 951 0064 00       		.byte	0x0
 952 0065 00       		.byte	0x0
 953 0066 09       		.uleb128 0x9
 954 0067 01       		.uleb128 0x1
 955 0068 01       		.byte	0x1
 956 0069 49       		.uleb128 0x49
 957 006a 13       		.uleb128 0x13
 958 006b 01       		.uleb128 0x1
 959 006c 13       		.uleb128 0x13
 960 006d 00       		.byte	0x0
 961 006e 00       		.byte	0x0
 962 006f 0A       		.uleb128 0xa
 963 0070 21       		.uleb128 0x21
 964 0071 00       		.byte	0x0
 965 0072 49       		.uleb128 0x49
 966 0073 13       		.uleb128 0x13
 967 0074 2F       		.uleb128 0x2f
 968 0075 0B       		.uleb128 0xb
 969 0076 00       		.byte	0x0
 970 0077 00       		.byte	0x0
 971 0078 0B       		.uleb128 0xb
 972 0079 2E       		.uleb128 0x2e
 973 007a 01       		.byte	0x1
 974 007b 3F       		.uleb128 0x3f
 975 007c 0C       		.uleb128 0xc
 976 007d 03       		.uleb128 0x3
 977 007e 0E       		.uleb128 0xe
 978 007f 3A       		.uleb128 0x3a
 979 0080 0B       		.uleb128 0xb
 980 0081 3B       		.uleb128 0x3b
 981 0082 0B       		.uleb128 0xb
 982 0083 27       		.uleb128 0x27
 983 0084 0C       		.uleb128 0xc
 984 0085 49       		.uleb128 0x49
 985 0086 13       		.uleb128 0x13
 986 0087 11       		.uleb128 0x11
 987 0088 01       		.uleb128 0x1
 988 0089 12       		.uleb128 0x12
 989 008a 01       		.uleb128 0x1
 990 008b 40       		.uleb128 0x40
 991 008c 0A       		.uleb128 0xa
 992 008d 01       		.uleb128 0x1
 993 008e 13       		.uleb128 0x13
 994 008f 00       		.byte	0x0
 995 0090 00       		.byte	0x0
 996 0091 0C       		.uleb128 0xc
ARM GAS  /tmp/ccNZJq5X.s 			page 20


 997 0092 05       		.uleb128 0x5
 998 0093 00       		.byte	0x0
 999 0094 03       		.uleb128 0x3
 1000 0095 08       		.uleb128 0x8
 1001 0096 3A       		.uleb128 0x3a
 1002 0097 0B       		.uleb128 0xb
 1003 0098 3B       		.uleb128 0x3b
 1004 0099 0B       		.uleb128 0xb
 1005 009a 49       		.uleb128 0x49
 1006 009b 13       		.uleb128 0x13
 1007 009c 02       		.uleb128 0x2
 1008 009d 06       		.uleb128 0x6
 1009 009e 00       		.byte	0x0
 1010 009f 00       		.byte	0x0
 1011 00a0 0D       		.uleb128 0xd
 1012 00a1 05       		.uleb128 0x5
 1013 00a2 00       		.byte	0x0
 1014 00a3 03       		.uleb128 0x3
 1015 00a4 08       		.uleb128 0x8
 1016 00a5 3A       		.uleb128 0x3a
 1017 00a6 0B       		.uleb128 0xb
 1018 00a7 3B       		.uleb128 0x3b
 1019 00a8 0B       		.uleb128 0xb
 1020 00a9 49       		.uleb128 0x49
 1021 00aa 13       		.uleb128 0x13
 1022 00ab 02       		.uleb128 0x2
 1023 00ac 0A       		.uleb128 0xa
 1024 00ad 00       		.byte	0x0
 1025 00ae 00       		.byte	0x0
 1026 00af 0E       		.uleb128 0xe
 1027 00b0 05       		.uleb128 0x5
 1028 00b1 00       		.byte	0x0
 1029 00b2 03       		.uleb128 0x3
 1030 00b3 0E       		.uleb128 0xe
 1031 00b4 3A       		.uleb128 0x3a
 1032 00b5 0B       		.uleb128 0xb
 1033 00b6 3B       		.uleb128 0x3b
 1034 00b7 0B       		.uleb128 0xb
 1035 00b8 49       		.uleb128 0x49
 1036 00b9 13       		.uleb128 0x13
 1037 00ba 02       		.uleb128 0x2
 1038 00bb 0A       		.uleb128 0xa
 1039 00bc 00       		.byte	0x0
 1040 00bd 00       		.byte	0x0
 1041 00be 0F       		.uleb128 0xf
 1042 00bf 26       		.uleb128 0x26
 1043 00c0 00       		.byte	0x0
 1044 00c1 00       		.byte	0x0
 1045 00c2 00       		.byte	0x0
 1046 00c3 10       		.uleb128 0x10
 1047 00c4 05       		.uleb128 0x5
 1048 00c5 00       		.byte	0x0
 1049 00c6 03       		.uleb128 0x3
 1050 00c7 0E       		.uleb128 0xe
 1051 00c8 3A       		.uleb128 0x3a
 1052 00c9 0B       		.uleb128 0xb
 1053 00ca 3B       		.uleb128 0x3b
ARM GAS  /tmp/ccNZJq5X.s 			page 21


 1054 00cb 0B       		.uleb128 0xb
 1055 00cc 49       		.uleb128 0x49
 1056 00cd 13       		.uleb128 0x13
 1057 00ce 02       		.uleb128 0x2
 1058 00cf 06       		.uleb128 0x6
 1059 00d0 00       		.byte	0x0
 1060 00d1 00       		.byte	0x0
 1061 00d2 11       		.uleb128 0x11
 1062 00d3 34       		.uleb128 0x34
 1063 00d4 00       		.byte	0x0
 1064 00d5 03       		.uleb128 0x3
 1065 00d6 08       		.uleb128 0x8
 1066 00d7 3A       		.uleb128 0x3a
 1067 00d8 0B       		.uleb128 0xb
 1068 00d9 3B       		.uleb128 0x3b
 1069 00da 0B       		.uleb128 0xb
 1070 00db 8740     		.uleb128 0x2007
 1071 00dd 0E       		.uleb128 0xe
 1072 00de 49       		.uleb128 0x49
 1073 00df 13       		.uleb128 0x13
 1074 00e0 3F       		.uleb128 0x3f
 1075 00e1 0C       		.uleb128 0xc
 1076 00e2 3C       		.uleb128 0x3c
 1077 00e3 0C       		.uleb128 0xc
 1078 00e4 00       		.byte	0x0
 1079 00e5 00       		.byte	0x0
 1080 00e6 12       		.uleb128 0x12
 1081 00e7 34       		.uleb128 0x34
 1082 00e8 00       		.byte	0x0
 1083 00e9 03       		.uleb128 0x3
 1084 00ea 0E       		.uleb128 0xe
 1085 00eb 3A       		.uleb128 0x3a
 1086 00ec 0B       		.uleb128 0xb
 1087 00ed 3B       		.uleb128 0x3b
 1088 00ee 0B       		.uleb128 0xb
 1089 00ef 49       		.uleb128 0x49
 1090 00f0 13       		.uleb128 0x13
 1091 00f1 02       		.uleb128 0x2
 1092 00f2 0A       		.uleb128 0xa
 1093 00f3 00       		.byte	0x0
 1094 00f4 00       		.byte	0x0
 1095 00f5 13       		.uleb128 0x13
 1096 00f6 34       		.uleb128 0x34
 1097 00f7 00       		.byte	0x0
 1098 00f8 03       		.uleb128 0x3
 1099 00f9 0E       		.uleb128 0xe
 1100 00fa 3A       		.uleb128 0x3a
 1101 00fb 0B       		.uleb128 0xb
 1102 00fc 3B       		.uleb128 0x3b
 1103 00fd 0B       		.uleb128 0xb
 1104 00fe 49       		.uleb128 0x49
 1105 00ff 13       		.uleb128 0x13
 1106 0100 02       		.uleb128 0x2
 1107 0101 06       		.uleb128 0x6
 1108 0102 00       		.byte	0x0
 1109 0103 00       		.byte	0x0
 1110 0104 14       		.uleb128 0x14
ARM GAS  /tmp/ccNZJq5X.s 			page 22


 1111 0105 34       		.uleb128 0x34
 1112 0106 00       		.byte	0x0
 1113 0107 03       		.uleb128 0x3
 1114 0108 0E       		.uleb128 0xe
 1115 0109 3A       		.uleb128 0x3a
 1116 010a 0B       		.uleb128 0xb
 1117 010b 3B       		.uleb128 0x3b
 1118 010c 0B       		.uleb128 0xb
 1119 010d 49       		.uleb128 0x49
 1120 010e 13       		.uleb128 0x13
 1121 010f 3F       		.uleb128 0x3f
 1122 0110 0C       		.uleb128 0xc
 1123 0111 3C       		.uleb128 0x3c
 1124 0112 0C       		.uleb128 0xc
 1125 0113 00       		.byte	0x0
 1126 0114 00       		.byte	0x0
 1127 0115 15       		.uleb128 0x15
 1128 0116 34       		.uleb128 0x34
 1129 0117 00       		.byte	0x0
 1130 0118 03       		.uleb128 0x3
 1131 0119 0E       		.uleb128 0xe
 1132 011a 3A       		.uleb128 0x3a
 1133 011b 0B       		.uleb128 0xb
 1134 011c 3B       		.uleb128 0x3b
 1135 011d 0B       		.uleb128 0xb
 1136 011e 49       		.uleb128 0x49
 1137 011f 13       		.uleb128 0x13
 1138 0120 3F       		.uleb128 0x3f
 1139 0121 0C       		.uleb128 0xc
 1140 0122 02       		.uleb128 0x2
 1141 0123 0A       		.uleb128 0xa
 1142 0124 00       		.byte	0x0
 1143 0125 00       		.byte	0x0
 1144 0126 00       		.byte	0x0
 1145              		.section	.debug_pubnames,"",%progbits
 1146 0000 6A000000 		.4byte	0x6a
 1147 0004 0200     		.2byte	0x2
 1148 0006 00000000 		.4byte	.Ldebug_info0
 1149 000a 25040000 		.4byte	0x425
 1150 000e 23020000 		.4byte	0x223
 1151 0012 5F697361 		.ascii	"_isatty\000"
 1151      74747900 
 1152 001a 4E020000 		.4byte	0x24e
 1153 001e 5F6C7365 		.ascii	"_lseek\000"
 1153      656B00
 1154 0025 93020000 		.4byte	0x293
 1155 0029 5F726561 		.ascii	"_read\000"
 1155      6400
 1156 002f D8020000 		.4byte	0x2d8
 1157 0033 5F636C6F 		.ascii	"_close\000"
 1157      736500
 1158 003a 03030000 		.4byte	0x303
 1159 003e 5F777269 		.ascii	"_write\000"
 1159      746500
 1160 0045 4F030000 		.4byte	0x34f
 1161 0049 5F667374 		.ascii	"_fstat\000"
 1161      617400
ARM GAS  /tmp/ccNZJq5X.s 			page 23


 1162 0050 8C030000 		.4byte	0x38c
 1163 0054 5F736272 		.ascii	"_sbrk_r\000"
 1163      6B5F7200 
 1164 005c 05040000 		.4byte	0x405
 1165 0060 73746163 		.ascii	"stack_ptr\000"
 1165      6B5F7074 
 1165      7200
 1166 006a 00000000 		.4byte	0x0
 1167              		.section	.debug_pubtypes,"",%progbits
 1168 0000 B1000000 		.4byte	0xb1
 1169 0004 0200     		.2byte	0x2
 1170 0006 00000000 		.4byte	.Ldebug_info0
 1171 000a 25040000 		.4byte	0x425
 1172 000e 61000000 		.4byte	0x61
 1173 0012 5F6F6666 		.ascii	"_off_t\000"
 1173      5F7400
 1174 0019 73000000 		.4byte	0x73
 1175 001d 5F5F6465 		.ascii	"__dev_t\000"
 1175      765F7400 
 1176 0025 7E000000 		.4byte	0x7e
 1177 0029 5F5F7569 		.ascii	"__uid_t\000"
 1177      645F7400 
 1178 0031 89000000 		.4byte	0x89
 1179 0035 5F5F6769 		.ascii	"__gid_t\000"
 1179      645F7400 
 1180 003d 96000000 		.4byte	0x96
 1181 0041 73697A65 		.ascii	"size_t\000"
 1181      5F7400
 1182 0048 A8000000 		.4byte	0xa8
 1183 004c 74696D65 		.ascii	"time_t\000"
 1183      5F7400
 1184 0053 B3000000 		.4byte	0xb3
 1185 0057 63616464 		.ascii	"caddr_t\000"
 1185      725F7400 
 1186 005f CB000000 		.4byte	0xcb
 1187 0063 696E6F5F 		.ascii	"ino_t\000"
 1187      7400
 1188 0069 D6000000 		.4byte	0xd6
 1189 006d 6F66665F 		.ascii	"off_t\000"
 1189      7400
 1190 0073 E1000000 		.4byte	0xe1
 1191 0077 6465765F 		.ascii	"dev_t\000"
 1191      7400
 1192 007d EC000000 		.4byte	0xec
 1193 0081 7569645F 		.ascii	"uid_t\000"
 1193      7400
 1194 0087 F7000000 		.4byte	0xf7
 1195 008b 6769645F 		.ascii	"gid_t\000"
 1195      7400
 1196 0091 02010000 		.4byte	0x102
 1197 0095 6D6F6465 		.ascii	"mode_t\000"
 1197      5F7400
 1198 009c 0D010000 		.4byte	0x10d
 1199 00a0 6E6C696E 		.ascii	"nlink_t\000"
 1199      6B5F7400 
 1200 00a8 18010000 		.4byte	0x118
 1201 00ac 73746174 		.ascii	"stat\000"
ARM GAS  /tmp/ccNZJq5X.s 			page 24


 1201      00
 1202 00b1 00000000 		.4byte	0x0
 1203              		.section	.debug_aranges,"",%progbits
 1204 0000 4C000000 		.4byte	0x4c
 1205 0004 0200     		.2byte	0x2
 1206 0006 00000000 		.4byte	.Ldebug_info0
 1207 000a 04       		.byte	0x4
 1208 000b 00       		.byte	0x0
 1209 000c 0000     		.2byte	0x0
 1210 000e 0000     		.2byte	0x0
 1211 0010 00000000 		.4byte	.LFB0
 1212 0014 08000000 		.4byte	.LFE0-.LFB0
 1213 0018 00000000 		.4byte	.LFB1
 1214 001c 08000000 		.4byte	.LFE1-.LFB1
 1215 0020 00000000 		.4byte	.LFB2
 1216 0024 10000000 		.4byte	.LFE2-.LFB2
 1217 0028 00000000 		.4byte	.LFB3
 1218 002c 08000000 		.4byte	.LFE3-.LFB3
 1219 0030 00000000 		.4byte	.LFB4
 1220 0034 08000000 		.4byte	.LFE4-.LFB4
 1221 0038 00000000 		.4byte	.LFB5
 1222 003c 10000000 		.4byte	.LFE5-.LFB5
 1223 0040 00000000 		.4byte	.LFB6
 1224 0044 34000000 		.4byte	.LFE6-.LFB6
 1225 0048 00000000 		.4byte	0x0
 1226 004c 00000000 		.4byte	0x0
 1227              		.section	.debug_ranges,"",%progbits
 1228              	.Ldebug_ranges0:
 1229 0000 00000000 		.4byte	.LFB0
 1230 0004 08000000 		.4byte	.LFE0
 1231 0008 00000000 		.4byte	.LFB1
 1232 000c 08000000 		.4byte	.LFE1
 1233 0010 00000000 		.4byte	.LFB2
 1234 0014 10000000 		.4byte	.LFE2
 1235 0018 00000000 		.4byte	.LFB3
 1236 001c 08000000 		.4byte	.LFE3
 1237 0020 00000000 		.4byte	.LFB4
 1238 0024 08000000 		.4byte	.LFE4
 1239 0028 00000000 		.4byte	.LFB5
 1240 002c 10000000 		.4byte	.LFE5
 1241 0030 00000000 		.4byte	.LFB6
 1242 0034 34000000 		.4byte	.LFE6
 1243 0038 00000000 		.4byte	0x0
 1244 003c 00000000 		.4byte	0x0
 1245              		.section	.debug_str,"MS",%progbits,1
 1246              	.LASF11:
 1247 0000 5F5F6769 		.ascii	"__gid_t\000"
 1247      645F7400 
 1248              	.LASF12:
 1249 0008 73697A65 		.ascii	"size_t\000"
 1249      5F7400
 1250              	.LASF6:
 1251 000f 6C6F6E67 		.ascii	"long long unsigned int\000"
 1251      206C6F6E 
 1251      6720756E 
 1251      7369676E 
 1251      65642069 
ARM GAS  /tmp/ccNZJq5X.s 			page 25


 1252              	.LASF39:
 1253 0026 73745F62 		.ascii	"st_blocks\000"
 1253      6C6F636B 
 1253      7300
 1254              	.LASF58:
 1255 0030 4352756E 		.ascii	"CRunTime.c\000"
 1255      54696D65 
 1255      2E6300
 1256              	.LASF60:
 1257 003b 73746174 		.ascii	"stat\000"
 1257      00
 1258              	.LASF54:
 1259 0040 70726576 		.ascii	"prev_heap_end\000"
 1259      5F686561 
 1259      705F656E 
 1259      6400
 1260              	.LASF5:
 1261 004e 6C6F6E67 		.ascii	"long long int\000"
 1261      206C6F6E 
 1261      6720696E 
 1261      7400
 1262              	.LASF0:
 1263 005c 7369676E 		.ascii	"signed char\000"
 1263      65642063 
 1263      68617200 
 1264              	.LASF25:
 1265 0068 73745F69 		.ascii	"st_ino\000"
 1265      6E6F00
 1266              	.LASF7:
 1267 006f 6C6F6E67 		.ascii	"long int\000"
 1267      20696E74 
 1267      00
 1268              	.LASF42:
 1269 0078 5F6C7365 		.ascii	"_lseek\000"
 1269      656B00
 1270              	.LASF49:
 1271 007f 5F667374 		.ascii	"_fstat\000"
 1271      617400
 1272              	.LASF56:
 1273 0086 2A656E64 		.ascii	"*end\000"
 1273      00
 1274              	.LASF23:
 1275 008b 6E6C696E 		.ascii	"nlink_t\000"
 1275      6B5F7400 
 1276              	.LASF45:
 1277 0093 636F756E 		.ascii	"count\000"
 1277      7400
 1278              	.LASF18:
 1279 0099 6F66665F 		.ascii	"off_t\000"
 1279      7400
 1280              	.LASF21:
 1281 009f 6769645F 		.ascii	"gid_t\000"
 1281      7400
 1282              	.LASF52:
 1283 00a5 696E6372 		.ascii	"incr\000"
 1283      00
 1284              	.LASF9:
ARM GAS  /tmp/ccNZJq5X.s 			page 26


 1285 00aa 5F5F6465 		.ascii	"__dev_t\000"
 1285      765F7400 
 1286              	.LASF28:
 1287 00b2 73745F75 		.ascii	"st_uid\000"
 1287      696400
 1288              	.LASF33:
 1289 00b9 73745F73 		.ascii	"st_spare1\000"
 1289      70617265 
 1289      3100
 1290              	.LASF35:
 1291 00c3 73745F73 		.ascii	"st_spare2\000"
 1291      70617265 
 1291      3200
 1292              	.LASF37:
 1293 00cd 73745F73 		.ascii	"st_spare3\000"
 1293      70617265 
 1293      3300
 1294              	.LASF40:
 1295 00d7 73745F73 		.ascii	"st_spare4\000"
 1295      70617265 
 1295      3400
 1296              	.LASF4:
 1297 00e1 756E7369 		.ascii	"unsigned int\000"
 1297      676E6564 
 1297      20696E74 
 1297      00
 1298              	.LASF46:
 1299 00ee 5F636C6F 		.ascii	"_close\000"
 1299      736500
 1300              	.LASF13:
 1301 00f5 6C6F6E67 		.ascii	"long unsigned int\000"
 1301      20756E73 
 1301      69676E65 
 1301      6420696E 
 1301      7400
 1302              	.LASF59:
 1303 0107 2F686F6D 		.ascii	"/home/elijah/projects/arm7_app\000"
 1303      652F656C 
 1303      696A6168 
 1303      2F70726F 
 1303      6A656374 
 1304              	.LASF20:
 1305 0126 7569645F 		.ascii	"uid_t\000"
 1305      7400
 1306              	.LASF48:
 1307 012c 64617461 		.ascii	"data\000"
 1307      00
 1308              	.LASF3:
 1309 0131 73686F72 		.ascii	"short unsigned int\000"
 1309      7420756E 
 1309      7369676E 
 1309      65642069 
 1309      6E7400
 1310              	.LASF55:
 1311 0144 73746163 		.ascii	"stack_ptr\000"
 1311      6B5F7074 
 1311      7200
ARM GAS  /tmp/ccNZJq5X.s 			page 27


 1312              	.LASF41:
 1313 014e 5F697361 		.ascii	"_isatty\000"
 1313      74747900 
 1314              	.LASF32:
 1315 0156 73745F61 		.ascii	"st_atime\000"
 1315      74696D65 
 1315      00
 1316              	.LASF31:
 1317 015f 73745F73 		.ascii	"st_size\000"
 1317      697A6500 
 1318              	.LASF47:
 1319 0167 5F777269 		.ascii	"_write\000"
 1319      746500
 1320              	.LASF26:
 1321 016e 73745F6D 		.ascii	"st_mode\000"
 1321      6F646500 
 1322              	.LASF8:
 1323 0176 5F6F6666 		.ascii	"_off_t\000"
 1323      5F7400
 1324              	.LASF19:
 1325 017d 6465765F 		.ascii	"dev_t\000"
 1325      7400
 1326              	.LASF53:
 1327 0183 68656170 		.ascii	"heap_end\000"
 1327      5F656E64 
 1327      00
 1328              	.LASF14:
 1329 018c 74696D65 		.ascii	"time_t\000"
 1329      5F7400
 1330              	.LASF43:
 1331 0193 5F726561 		.ascii	"_read\000"
 1331      6400
 1332              	.LASF27:
 1333 0199 73745F6E 		.ascii	"st_nlink\000"
 1333      6C696E6B 
 1333      00
 1334              	.LASF1:
 1335 01a2 756E7369 		.ascii	"unsigned char\000"
 1335      676E6564 
 1335      20636861 
 1335      7200
 1336              	.LASF2:
 1337 01b0 73686F72 		.ascii	"short int\000"
 1337      7420696E 
 1337      7400
 1338              	.LASF38:
 1339 01ba 73745F62 		.ascii	"st_blksize\000"
 1339      6C6B7369 
 1339      7A6500
 1340              	.LASF36:
 1341 01c5 73745F63 		.ascii	"st_ctime\000"
 1341      74696D65 
 1341      00
 1342              	.LASF51:
 1343 01ce 7265656E 		.ascii	"reent\000"
 1343      7400
 1344              	.LASF15:
ARM GAS  /tmp/ccNZJq5X.s 			page 28


 1345 01d4 63616464 		.ascii	"caddr_t\000"
 1345      725F7400 
 1346              	.LASF30:
 1347 01dc 73745F72 		.ascii	"st_rdev\000"
 1347      64657600 
 1348              	.LASF16:
 1349 01e4 63686172 		.ascii	"char\000"
 1349      00
 1350              	.LASF44:
 1351 01e9 62756666 		.ascii	"buffer\000"
 1351      657200
 1352              	.LASF10:
 1353 01f0 5F5F7569 		.ascii	"__uid_t\000"
 1353      645F7400 
 1354              	.LASF29:
 1355 01f8 73745F67 		.ascii	"st_gid\000"
 1355      696400
 1356              	.LASF50:
 1357 01ff 5F736272 		.ascii	"_sbrk_r\000"
 1357      6B5F7200 
 1358              	.LASF22:
 1359 0207 6D6F6465 		.ascii	"mode_t\000"
 1359      5F7400
 1360              	.LASF24:
 1361 020e 73745F64 		.ascii	"st_dev\000"
 1361      657600
 1362              	.LASF57:
 1363 0215 474E5520 		.ascii	"GNU C 4.5.2\000"
 1363      4320342E 
 1363      352E3200 
 1364              	.LASF34:
 1365 0221 73745F6D 		.ascii	"st_mtime\000"
 1365      74696D65 
 1365      00
 1366              	.LASF17:
 1367 022a 696E6F5F 		.ascii	"ino_t\000"
 1367      7400
 1368              		.ident	"GCC: (Sourcery G++ Lite 2011.03-42) 4.5.2"
ARM GAS  /tmp/ccNZJq5X.s 			page 29


DEFINED SYMBOLS
                            *ABS*:00000000 CRunTime.c
     /tmp/ccNZJq5X.s:71     .text._isatty:00000000 $a
     /tmp/ccNZJq5X.s:74     .text._isatty:00000000 _isatty
     /tmp/ccNZJq5X.s:92     .text._lseek:00000000 $a
     /tmp/ccNZJq5X.s:95     .text._lseek:00000000 _lseek
     /tmp/ccNZJq5X.s:112    .text._read:00000000 $a
     /tmp/ccNZJq5X.s:115    .text._read:00000000 _read
     /tmp/ccNZJq5X.s:135    .text._close:00000000 $a
     /tmp/ccNZJq5X.s:138    .text._close:00000000 _close
     /tmp/ccNZJq5X.s:155    .text._write:00000000 $a
     /tmp/ccNZJq5X.s:158    .text._write:00000000 _write
     /tmp/ccNZJq5X.s:175    .text._fstat:00000000 $a
     /tmp/ccNZJq5X.s:178    .text._fstat:00000000 _fstat
     /tmp/ccNZJq5X.s:198    .text._sbrk_r:00000000 $a
     /tmp/ccNZJq5X.s:201    .text._sbrk_r:00000000 _sbrk_r
     /tmp/ccNZJq5X.s:236    .text._sbrk_r:0000002c $d
     /tmp/ccNZJq5X.s:242    .bss:00000000 $d
     /tmp/ccNZJq5X.s:246    .bss:00000000 heap_end.4271
                     .debug_frame:00000010 $d

UNDEFINED SYMBOLS
end
